#-----------------------------------------------------------
# Vivado v2019.2 (64-bit)
# SW Build 2708876 on Wed Nov  6 21:40:23 MST 2019
# IP Build 2700528 on Thu Nov  7 00:09:20 MST 2019
# Start of session at: Mon Oct 30 18:33:34 2023
# Process ID: 3368
# Current directory: D:/v_workspace/project_6/project_6.sim/sim_1/behav/xsim
# Command line: vivado.exe -gui_launcher_event rodinguilauncherevent10812 D:\v_workspace\project_6\project_6.sim\sim_1\behav\xsim\tb_behav.wdb
# Log file: D:/v_workspace/project_6/project_6.sim/sim_1/behav/xsim/vivado.log
# Journal file: D:/v_workspace/project_6/project_6.sim/sim_1/behav/xsim\vivado.jou
#-----------------------------------------------------------
start_gui
open_wave_database {D:\v_workspace\project_6\project_6.sim\sim_1\behav\xsim\tb_behav.wdb}
INFO: [IP_Flow 19-234] Refreshing IP repositories
INFO: [IP_Flow 19-1704] No user IP repositories specified
INFO: [IP_Flow 19-2313] Loaded Vivado IP repository 'E:/Vivado/2019.2/data/ip'.
current_fileset: Time (s): cpu = 00:00:22 ; elapsed = 00:00:16 . Memory (MB): peak = 842.953 ; gain = 221.160
open_wave_database: Time (s): cpu = 00:00:28 ; elapsed = 00:00:18 . Memory (MB): peak = 849.742 ; gain = 227.949
close_sim
INFO: [Simtcl 6-16] Simulation closed
exit
INFO: [Common 17-206] Exiting Vivado at Mon Oct 30 18:34:42 2023...
